
**** 05/27/15 12:56:51 *********** Evaluation PSpice (Nov 1999) **************

 * C:\Users\Marina\Desktop\EXP6ABODE.sch


 ****     CIRCUIT DESCRIPTION


******************************************************************************




* Schematics Version 9.1 - Web Update 1
* Wed May 27 12:56:51 2015



** Analysis setup **
.ac DEC 101 1K 100K


* From [PSPICE NETLIST] section of pspiceev.ini:
.lib "nom.lib"

.INC "EXP6ABODE.net"

**** INCLUDING EXP6ABODE.net ****
* Schematics Netlist *



R_R1         Vs 0  1k  
R_R2         Ve $N_0001  50  
L_L1         $N_0002 Vs  0.0048558H  
C_C1         Ve $N_0002  5.216n  
V_V3         $N_0001 0 DC 0V AC 3V 
V_V4         $N_0003 0 DC 0V AC 3V 
R_R3         Ve $N_0003  50  

**** RESUMING EXP6ABODE.cir ****
.INC "EXP6ABODE.als"



**** INCLUDING EXP6ABODE.als ****
* Schematics Aliases *

.ALIASES
R_R1            R1(1=Vs 2=0 )
R_R2            R2(1=Ve 2=$N_0001 )
L_L1            L1(1=$N_0002 2=Vs )
C_C1            C1(1=Ve 2=$N_0002 )
V_V3            V3(+=$N_0001 -=0 )
V_V4            V4(+=$N_0003 -=0 )
R_R3            R3(1=Ve 2=$N_0003 )
_    _(Vs=Vs)
_    _(Ve=Ve)
.ENDALIASES


**** RESUMING EXP6ABODE.cir ****
.probe


.END

**** 05/27/15 12:56:51 *********** Evaluation PSpice (Nov 1999) **************

 * C:\Users\Marina\Desktop\EXP6ABODE.sch


 ****     SMALL SIGNAL BIAS SOLUTION       TEMPERATURE =   27.000 DEG C


******************************************************************************



 NODE   VOLTAGE     NODE   VOLTAGE     NODE   VOLTAGE     NODE   VOLTAGE


(   Ve)    0.0000  (   Vs)    0.0000  ($N_0001)    0.0000                       

($N_0002)    0.0000                   ($N_0003)    0.0000                   




    VOLTAGE SOURCE CURRENTS
    NAME         CURRENT

    V_V3         0.000E+00
    V_V4         0.000E+00

    TOTAL POWER DISSIPATION   0.00E+00  WATTS



          JOB CONCLUDED

          TOTAL JOB TIME             .03
