
**** 05/27/15 13:14:45 *********** Evaluation PSpice (Nov 1999) **************

 * C:\Users\Marina\Desktop\EXP6B.sch


 ****     CIRCUIT DESCRIPTION


******************************************************************************




* Schematics Version 9.1 - Web Update 1
* Wed May 27 13:14:45 2015



** Analysis setup **
.tran 1ns 1ms
.OP 


* From [PSPICE NETLIST] section of pspiceev.ini:
.lib "nom.lib"

.INC "EXP6B.net"

**** INCLUDING EXP6B.net ****
* Schematics Netlist *



R_R3         $N_0002 $N_0001  50  
R_R2         $N_0002 $N_0003  50  
V_V1         $N_0003 0  
+SIN 0 3 5000 0 0 0
V_V2         $N_0001 0  
+SIN 0 3 10000 0 0 0
R_R1         $N_0004 0  1k  
L_L1         $N_0005 $N_0004  0.14405H  
C_C1         $N_0002 $N_0005  1.758n  

**** RESUMING EXP6B.cir ****
.INC "EXP6B.als"



**** INCLUDING EXP6B.als ****
* Schematics Aliases *

.ALIASES
R_R3            R3(1=$N_0002 2=$N_0001 )
R_R2            R2(1=$N_0002 2=$N_0003 )
V_V1            V1(+=$N_0003 -=0 )
V_V2            V2(+=$N_0001 -=0 )
R_R1            R1(1=$N_0004 2=0 )
L_L1            L1(1=$N_0005 2=$N_0004 )
C_C1            C1(1=$N_0002 2=$N_0005 )
.ENDALIASES


**** RESUMING EXP6B.cir ****
.probe


.END

**** 05/27/15 13:14:45 *********** Evaluation PSpice (Nov 1999) **************

 * C:\Users\Marina\Desktop\EXP6B.sch


 ****     SMALL SIGNAL BIAS SOLUTION       TEMPERATURE =   27.000 DEG C


******************************************************************************



 NODE   VOLTAGE     NODE   VOLTAGE     NODE   VOLTAGE     NODE   VOLTAGE


($N_0001)    0.0000                   ($N_0002)    0.0000                       

($N_0003)    0.0000                   ($N_0004)    0.0000                       

($N_0005)    0.0000                   




    VOLTAGE SOURCE CURRENTS
    NAME         CURRENT

    V_V1         0.000E+00
    V_V2         0.000E+00

    TOTAL POWER DISSIPATION   0.00E+00  WATTS


**** 05/27/15 13:14:45 *********** Evaluation PSpice (Nov 1999) **************

 * C:\Users\Marina\Desktop\EXP6B.sch


 ****     OPERATING POINT INFORMATION      TEMPERATURE =   27.000 DEG C


******************************************************************************




**** 05/27/15 13:14:45 *********** Evaluation PSpice (Nov 1999) **************

 * C:\Users\Marina\Desktop\EXP6B.sch


 ****     INITIAL TRANSIENT SOLUTION       TEMPERATURE =   27.000 DEG C


******************************************************************************



 NODE   VOLTAGE     NODE   VOLTAGE     NODE   VOLTAGE     NODE   VOLTAGE


($N_0001)    0.0000                   ($N_0002)    0.0000                       

($N_0003)    0.0000                   ($N_0004)    0.0000                       

($N_0005)    0.0000                   




    VOLTAGE SOURCE CURRENTS
    NAME         CURRENT

    V_V1         0.000E+00
    V_V2         0.000E+00

    TOTAL POWER DISSIPATION   0.00E+00  WATTS



          JOB CONCLUDED

          TOTAL JOB TIME             .05
