14:04:23.799 INFO - Selenium build info: version: '3.4.0', revision: 'unknown'
14:04:23.800 INFO - Launching a standalone Selenium Server
2017-06-23 14:04:23.813:INFO::main: Logging initialized @147ms to org.seleniumhq.jetty9.util.log.StdErrLog
14:04:23.844 INFO - Driver provider org.openqa.selenium.ie.InternetExplorerDriver registration is skipped:
 registration capabilities Capabilities [{ensureCleanSession=true, browserName=internet explorer, version=, platform=WINDOWS}] does not match the current platform LINUX
14:04:23.844 INFO - Driver provider org.openqa.selenium.edge.EdgeDriver registration is skipped:
 registration capabilities Capabilities [{browserName=MicrosoftEdge, version=, platform=WINDOWS}] does not match the current platform LINUX
14:04:23.844 INFO - Driver class not found: com.opera.core.systems.OperaDriver
14:04:23.844 INFO - Driver provider com.opera.core.systems.OperaDriver registration is skipped:
Unable to create new instances on this machine.
14:04:23.844 INFO - Driver class not found: com.opera.core.systems.OperaDriver
14:04:23.845 INFO - Driver provider com.opera.core.systems.OperaDriver is not registered
14:04:23.845 INFO - Driver provider org.openqa.selenium.safari.SafariDriver registration is skipped:
 registration capabilities Capabilities [{browserName=safari, version=, platform=MAC}] does not match the current platform LINUX
2017-06-23 14:04:23.869:INFO:osjs.Server:main: jetty-9.4.3.v20170317
2017-06-23 14:04:23.889:INFO:osjsh.ContextHandler:main: Started o.s.j.s.ServletContextHandler@1bce4f0a{/,null,AVAILABLE}
2017-06-23 14:04:23.898:INFO:osjs.AbstractConnector:main: Started ServerConnector@73ad2d6{HTTP/1.1,[http/1.1]}{0.0.0.0:4444}
2017-06-23 14:04:23.899:INFO:osjs.Server:main: Started @233ms
14:04:23.899 INFO - Selenium Server is up and running
14:04:24.106 INFO - SessionCleaner initialized with insideBrowserTimeout 0 and clientGoneTimeout 1800000 polling every 180000
14:04:24.122 INFO - Executing: [new session: Capabilities [{acceptSslCerts=true, name=Test, browserName=chrome, javascriptEnabled=true, platform=ANY}]])
14:04:24.134 INFO - Creating a new session for Capabilities [{acceptSslCerts=true, name=Test, browserName=chrome, javascriptEnabled=true, platform=ANY}]
Starting ChromeDriver 2.30.477691 (6ee44a7247c639c0703f291d320bdf05c1531b57) on port 14049
Only local connections are allowed.
14:04:24.752 INFO - Detected dialect: OSS
14:04:24.765 INFO - Done: [new session: Capabilities [{acceptSslCerts=true, name=Test, browserName=chrome, javascriptEnabled=true, platform=ANY}]]
14:04:24.778 INFO - Executing: [get: http://localhost:8081])
14:04:25.090 INFO - Done: [get: http://localhost:8081]
14:04:25.098 INFO - Executing: [find elements: By.cssSelector: #app])
14:04:25.140 INFO - Done: [find elements: By.cssSelector: #app]
14:04:25.150 INFO - Executing: [is displayed: 0 [[ChromeDriver: chrome on LINUX (09f9f482fe83e3f777cb4fe500c43c3c)] -> css selector: #app]])
14:04:25.172 INFO - Done: [is displayed: 0 [[ChromeDriver: chrome on LINUX (09f9f482fe83e3f777cb4fe500c43c3c)] -> css selector: #app]]
14:04:25.178 INFO - Executing: [find elements: By.cssSelector: .hello])
14:04:25.197 INFO - Done: [find elements: By.cssSelector: .hello]
14:04:25.208 INFO - Executing: [find element: By.cssSelector: h1])
14:04:25.229 INFO - Done: [find element: By.cssSelector: h1]
14:04:25.234 INFO - Executing: [get text: 2 [[ChromeDriver: chrome on LINUX (09f9f482fe83e3f777cb4fe500c43c3c)] -> css selector: h1]])
14:04:25.251 INFO - Done: [get text: 2 [[ChromeDriver: chrome on LINUX (09f9f482fe83e3f777cb4fe500c43c3c)] -> css selector: h1]]
14:04:25.258 INFO - Executing: [execute script: var passedArgs = Array.prototype.slice.call(arguments,0); return function (selector) {
      return document.querySelectorAll(selector).length;
    }.apply(window, passedArgs);, [img]])
14:04:25.264 INFO - Done: [execute script: var passedArgs = Array.prototype.slice.call(arguments,0); return function (selector) {
      return document.querySelectorAll(selector).length;
    }.apply(window, passedArgs);, [img]]
14:04:25.267 INFO - Executing: [delete session: 2d01c887-1ad0-4046-ac90-b2c7af08dc4c])
14:04:25.333 INFO - Done: [delete session: 2d01c887-1ad0-4046-ac90-b2c7af08dc4c]
