This is pdfTeX, Version 3.14159265-2.6-1.40.15 (MiKTeX 2.9 64-bit) (preloaded format=pdflatex 2016.6.23)  23 JUN 2016 15:34
entering extended mode
**Relatorio.tex
(Relatorio.tex
LaTeX2e <2014/05/01>
Babel <3.9l> and hyphenation patterns for 68 languages loaded.

(C:\Users\LuizFernando\Downloads\ProTeXt\MiKTeX\miktex\tex\latex\IEEEconf\ieeec
onf.cls

LaTeX Warning: You have requested document class `ieeeconf',
               but the document class provides `IEEEconf'.

Document Class: IEEEconf 2009/04/05 v1.4 IEEE Computer Society 8.5x11" conferen
ce proceedings

(C:\Users\LuizFernando\Downloads\ProTeXt\MiKTeX\miktex\tex\latex\base\article.c
ls
Document Class: article 2014/09/29 v1.4h Standard LaTeX document class

(C:\Users\LuizFernando\Downloads\ProTeXt\MiKTeX\miktex\tex\latex\base\size10.cl
o
File: size10.clo 2014/09/29 v1.4h Standard LaTeX file (size option)
)
\c@part=\count79
\c@section=\count80
\c@subsection=\count81
\c@subsubsection=\count82
\c@paragraph=\count83
\c@subparagraph=\count84
\c@figure=\count85
\c@table=\count86
\abovecaptionskip=\skip41
\belowcaptionskip=\skip42
\bibindent=\dimen102
)
(C:\Users\LuizFernando\Downloads\ProTeXt\MiKTeX\miktex\tex\latex\geometry\geome
try.sty
Package: geometry 2010/09/12 v5.6 Page Geometry

(C:\Users\LuizFernando\Downloads\ProTeXt\MiKTeX\miktex\tex\latex\graphics\keyva
l.sty
Package: keyval 2014/10/28 v1.15 key=value parser (DPC)
\KV@toks@=\toks14
)
(C:\Users\LuizFernando\Downloads\ProTeXt\MiKTeX\miktex\tex\generic\oberdiek\ifp
df.sty
Package: ifpdf 2011/01/30 v2.3 Provides the ifpdf switch (HO)
Package ifpdf Info: pdfTeX in PDF mode is detected.
)
(C:\Users\LuizFernando\Downloads\ProTeXt\MiKTeX\miktex\tex\generic\oberdiek\ifv
tex.sty
Package: ifvtex 2010/03/01 v1.5 Detect VTeX and its facilities (HO)
Package ifvtex Info: VTeX not detected.
)
(C:\Users\LuizFernando\Downloads\ProTeXt\MiKTeX\miktex\tex\generic\ifxetex\ifxe
tex.sty
Package: ifxetex 2010/09/12 v0.6 Provides ifxetex conditional
)
\Gm@cnth=\count87
\Gm@cntv=\count88
\c@Gm@tempcnt=\count89
\Gm@bindingoffset=\dimen103
\Gm@wd@mp=\dimen104
\Gm@odd@mp=\dimen105
\Gm@even@mp=\dimen106
\Gm@layoutwidth=\dimen107
\Gm@layoutheight=\dimen108
\Gm@layouthoffset=\dimen109
\Gm@layoutvoffset=\dimen110
\Gm@dimlist=\toks15

(C:\Users\LuizFernando\Downloads\ProTeXt\MiKTeX\miktex\tex\latex\geometry\geome
try.cfg))
(C:\Users\LuizFernando\Downloads\ProTeXt\MiKTeX\miktex\tex\latex\psnfss\mathptm
x.sty
Package: mathptmx 2005/04/12 PSNFSS-v9.2a Times w/ Math, improved (SPQR, WaS) 
LaTeX Font Info:    Redeclaring symbol font `operators' on input line 28.
LaTeX Font Info:    Overwriting symbol font `operators' in version `normal'
(Font)                  OT1/cmr/m/n --> OT1/ztmcm/m/n on input line 28.
LaTeX Font Info:    Overwriting symbol font `operators' in version `bold'
(Font)                  OT1/cmr/bx/n --> OT1/ztmcm/m/n on input line 28.
LaTeX Font Info:    Redeclaring symbol font `letters' on input line 29.
LaTeX Font Info:    Overwriting symbol font `letters' in version `normal'
(Font)                  OML/cmm/m/it --> OML/ztmcm/m/it on input line 29.
LaTeX Font Info:    Overwriting symbol font `letters' in version `bold'
(Font)                  OML/cmm/b/it --> OML/ztmcm/m/it on input line 29.
LaTeX Font Info:    Redeclaring symbol font `symbols' on input line 30.
LaTeX Font Info:    Overwriting symbol font `symbols' in version `normal'
(Font)                  OMS/cmsy/m/n --> OMS/ztmcm/m/n on input line 30.
LaTeX Font Info:    Overwriting symbol font `symbols' in version `bold'
(Font)                  OMS/cmsy/b/n --> OMS/ztmcm/m/n on input line 30.
LaTeX Font Info:    Redeclaring symbol font `largesymbols' on input line 31.
LaTeX Font Info:    Overwriting symbol font `largesymbols' in version `normal'
(Font)                  OMX/cmex/m/n --> OMX/ztmcm/m/n on input line 31.
LaTeX Font Info:    Overwriting symbol font `largesymbols' in version `bold'
(Font)                  OMX/cmex/m/n --> OMX/ztmcm/m/n on input line 31.
\symbold=\mathgroup4
\symitalic=\mathgroup5
LaTeX Font Info:    Redeclaring math alphabet \mathbf on input line 34.
LaTeX Font Info:    Overwriting math alphabet `\mathbf' in version `normal'
(Font)                  OT1/cmr/bx/n --> OT1/ptm/bx/n on input line 34.
LaTeX Font Info:    Overwriting math alphabet `\mathbf' in version `bold'
(Font)                  OT1/cmr/bx/n --> OT1/ptm/bx/n on input line 34.
LaTeX Font Info:    Redeclaring math alphabet \mathit on input line 35.
LaTeX Font Info:    Overwriting math alphabet `\mathit' in version `normal'
(Font)                  OT1/cmr/m/it --> OT1/ptm/m/it on input line 35.
LaTeX Font Info:    Overwriting math alphabet `\mathit' in version `bold'
(Font)                  OT1/cmr/bx/it --> OT1/ptm/m/it on input line 35.
LaTeX Info: Redefining \hbar on input line 50.
)
(C:\Users\LuizFernando\Downloads\ProTeXt\MiKTeX\miktex\tex\latex\psnfss\helvet.
sty
Package: helvet 2005/04/12 PSNFSS-v9.2a (WaS) 
)
(C:\Users\LuizFernando\Downloads\ProTeXt\MiKTeX\miktex\tex\latex\psnfss\courier
.sty
Package: courier 2005/04/12 PSNFSS-v9.2a (WaS) 
)
(C:\Users\LuizFernando\Downloads\ProTeXt\MiKTeX\miktex\tex\latex\tools\array.st
y
Package: array 2014/10/28 v2.4c Tabular extension package (FMi)
\col@sep=\dimen111
\extrarowheight=\dimen112
\NC@list=\toks16
\extratabsurround=\skip43
\backup@length=\skip44
)
\ieee@author@width=\skip45

(C:\Users\LuizFernando\Downloads\ProTeXt\MiKTeX\miktex\tex\latex\titlesec\title
sec.sty
Package: titlesec 2011/12/15 v2.10.0 Sectioning titles
\ttl@box=\box26
\beforetitleunit=\skip46
\aftertitleunit=\skip47
\ttl@plus=\dimen113
\ttl@minus=\dimen114
\ttl@toksa=\toks17
\titlewidth=\dimen115
\titlewidthlast=\dimen116
\titlewidthfirst=\dimen117
))
(C:\Users\LuizFernando\Downloads\ProTeXt\MiKTeX\miktex\tex\latex\graphics\graph
ics.sty
Package: graphics 2014/10/28 v1.0p Standard LaTeX Graphics (DPC,SPQR)

(C:\Users\LuizFernando\Downloads\ProTeXt\MiKTeX\miktex\tex\latex\graphics\trig.
sty
Package: trig 1999/03/16 v1.09 sin cos tan (DPC)
)
(C:\Users\LuizFernando\Downloads\ProTeXt\MiKTeX\miktex\tex\latex\00miktex\graph
ics.cfg
File: graphics.cfg 2007/01/18 v1.5 graphics configuration of teTeX/TeXLive
)
Package graphics Info: Driver file: pdftex.def on input line 91.

(C:\Users\LuizFernando\Downloads\ProTeXt\MiKTeX\miktex\tex\latex\pdftex-def\pdf
tex.def
File: pdftex.def 2011/05/27 v0.06d Graphics/color for pdfTeX

(C:\Users\LuizFernando\Downloads\ProTeXt\MiKTeX\miktex\tex\generic\oberdiek\inf
warerr.sty
Package: infwarerr 2010/04/08 v1.3 Providing info/warning/error messages (HO)
)
(C:\Users\LuizFernando\Downloads\ProTeXt\MiKTeX\miktex\tex\generic\oberdiek\ltx
cmds.sty
Package: ltxcmds 2011/11/09 v1.22 LaTeX kernel commands for general use (HO)
)
\Gread@gobject=\count90
))
(C:\Users\LuizFernando\Downloads\ProTeXt\MiKTeX\miktex\tex\latex\graphics\epsfi
g.sty
Package: epsfig 1999/02/16 v1.7a (e)psfig emulation (SPQR)

(C:\Users\LuizFernando\Downloads\ProTeXt\MiKTeX\miktex\tex\latex\graphics\graph
icx.sty
Package: graphicx 2014/10/28 v1.0g Enhanced LaTeX Graphics (DPC,SPQR)
\Gin@req@height=\dimen118
\Gin@req@width=\dimen119
)
\epsfxsize=\dimen120
\epsfysize=\dimen121
)
(C:\Users\LuizFernando\Downloads\ProTeXt\MiKTeX\miktex\tex\latex\psnfss\times.s
ty
Package: times 2005/04/12 PSNFSS-v9.2a (SPQR) 
)
(C:\Users\LuizFernando\Downloads\ProTeXt\MiKTeX\miktex\tex\latex\amsmath\amsmat
h.sty
Package: amsmath 2013/01/14 v2.14 AMS math features
\@mathmargin=\skip48

For additional information on amsmath, use the `?' option.

(C:\Users\LuizFernando\Downloads\ProTeXt\MiKTeX\miktex\tex\latex\amsmath\amstex
t.sty
Package: amstext 2000/06/29 v2.01

(C:\Users\LuizFernando\Downloads\ProTeXt\MiKTeX\miktex\tex\latex\amsmath\amsgen
.sty
File: amsgen.sty 1999/11/30 v2.0
\@emptytoks=\toks18
\ex@=\dimen122
))
(C:\Users\LuizFernando\Downloads\ProTeXt\MiKTeX\miktex\tex\latex\amsmath\amsbsy
.sty
Package: amsbsy 1999/11/29 v1.2d
\pmbraise@=\dimen123
)
(C:\Users\LuizFernando\Downloads\ProTeXt\MiKTeX\miktex\tex\latex\amsmath\amsopn
.sty
Package: amsopn 1999/12/14 v2.01 operator names
)
\inf@bad=\count91
LaTeX Info: Redefining \frac on input line 210.
\uproot@=\count92
\leftroot@=\count93
LaTeX Info: Redefining \overline on input line 306.
\classnum@=\count94
\DOTSCASE@=\count95
LaTeX Info: Redefining \ldots on input line 378.
LaTeX Info: Redefining \dots on input line 381.
LaTeX Info: Redefining \cdots on input line 466.
\Mathstrutbox@=\box27
\strutbox@=\box28
\big@size=\dimen124
LaTeX Font Info:    Redeclaring font encoding OML on input line 566.
LaTeX Font Info:    Redeclaring font encoding OMS on input line 567.
\macc@depth=\count96
\c@MaxMatrixCols=\count97
\dotsspace@=\muskip10
\c@parentequation=\count98
\dspbrk@lvl=\count99
\tag@help=\toks19
\row@=\count100
\column@=\count101
\maxfields@=\count102
\andhelp@=\toks20
\eqnshift@=\dimen125
\alignsep@=\dimen126
\tagshift@=\dimen127
\tagwidth@=\dimen128
\totwidth@=\dimen129
\lineht@=\dimen130
\@envbody=\toks21
\multlinegap=\skip49
\multlinetaggap=\skip50
\mathdisplay@stack=\toks22
LaTeX Info: Redefining \[ on input line 2665.
LaTeX Info: Redefining \] on input line 2666.
)
(C:\Users\LuizFernando\Downloads\ProTeXt\MiKTeX\miktex\tex\latex\amsfonts\amssy
mb.sty
Package: amssymb 2013/01/14 v3.01 AMS font symbols

(C:\Users\LuizFernando\Downloads\ProTeXt\MiKTeX\miktex\tex\latex\amsfonts\amsfo
nts.sty
Package: amsfonts 2013/01/14 v3.01 Basic AMSFonts support
\symAMSa=\mathgroup6
\symAMSb=\mathgroup7
LaTeX Font Info:    Overwriting math alphabet `\mathfrak' in version `bold'
(Font)                  U/euf/m/n --> U/euf/b/n on input line 106.
))

LaTeX Warning: Unused global option(s):
    [conference].

(Relatorio.aux)
LaTeX Font Info:    Checking defaults for OML/cmm/m/it on input line 30.
LaTeX Font Info:    ... okay on input line 30.
LaTeX Font Info:    Checking defaults for T1/cmr/m/n on input line 30.
LaTeX Font Info:    ... okay on input line 30.
LaTeX Font Info:    Checking defaults for OT1/cmr/m/n on input line 30.
LaTeX Font Info:    ... okay on input line 30.
LaTeX Font Info:    Checking defaults for OMS/cmsy/m/n on input line 30.
LaTeX Font Info:    ... okay on input line 30.
LaTeX Font Info:    Checking defaults for OMX/cmex/m/n on input line 30.
LaTeX Font Info:    ... okay on input line 30.
LaTeX Font Info:    Checking defaults for U/cmr/m/n on input line 30.
LaTeX Font Info:    ... okay on input line 30.
LaTeX Font Info:    Try loading font information for OT1+ptm on input line 30.

(C:\Users\LuizFernando\Downloads\ProTeXt\MiKTeX\miktex\tex\latex\psnfss\ot1ptm.
fd
File: ot1ptm.fd 2001/06/04 font definitions for OT1/ptm.
)
*geometry* driver: auto-detecting
*geometry* detected driver: pdftex
*geometry* verbose mode - [ preamble ] result:
* driver: pdftex
* paper: a4paper
* layout: <same size as paper>
* layoutoffset:(h,v)=(0.0pt,0.0pt)
* modes: 
* h-part:(L,W,R)=(63.87643pt, 469.75499pt, 63.87645pt)
* v-part:(T,H,B)=(72.26999pt, 641.39624pt, 131.38062pt)
* \paperwidth=597.50787pt
* \paperheight=845.04684pt
* \textwidth=469.75499pt
* \textheight=641.39624pt
* \oddsidemargin=-8.39355pt
* \evensidemargin=-8.39355pt
* \topmargin=0.0pt
* \headheight=0.0pt
* \headsep=0.0pt
* \topskip=10.0pt
* \footskip=0.0pt
* \marginparwidth=4.0pt
* \marginparsep=10.0pt
* \columnsep=27.10124pt
* \skip\footins=9.0pt plus 4.0pt minus 2.0pt
* \hoffset=0.0pt
* \voffset=0.0pt
* \mag=1000
* \@twocolumntrue
* \@twosidefalse
* \@mparswitchfalse
* \@reversemarginfalse
* (1in=72.27pt=25.4mm, 1cm=28.453pt)


(C:\Users\LuizFernando\Downloads\ProTeXt\MiKTeX\miktex\tex\context\base\supp-pd
f.mkii
[Loading MPS to PDF converter (version 2006.09.02).]
\scratchcounter=\count103
\scratchdimen=\dimen131
\scratchbox=\box29
\nofMPsegments=\count104
\nofMParguments=\count105
\everyMPshowfont=\toks23
\MPscratchCnt=\count106
\MPscratchDim=\dimen132
\MPnumerator=\count107
\makeMPintoPDFobject=\count108
\everyMPtoPDFconversion=\toks24
)
LaTeX Font Info:    Font shape `OT1/ptm/bx/n' in size <10> not available
(Font)              Font shape `OT1/ptm/b/n' tried instead on input line 34.
LaTeX Font Info:    Font shape `OT1/ptm/bx/n' in size <14> not available
(Font)              Font shape `OT1/ptm/b/n' tried instead on input line 34.
LaTeX Font Info:    Font shape `OT1/ptm/bx/n' in size <17.28> not available
(Font)              Font shape `OT1/ptm/b/n' tried instead on input line 34.
LaTeX Font Info:    Try loading font information for OT1+ztmcm on input line 34
.

(C:\Users\LuizFernando\Downloads\ProTeXt\MiKTeX\miktex\tex\latex\psnfss\ot1ztmc
m.fd
File: ot1ztmcm.fd 2000/01/03 Fontinst v1.801 font definitions for OT1/ztmcm.
)
LaTeX Font Info:    Try loading font information for OML+ztmcm on input line 34
.

(C:\Users\LuizFernando\Downloads\ProTeXt\MiKTeX\miktex\tex\latex\psnfss\omlztmc
m.fd
File: omlztmcm.fd 2000/01/03 Fontinst v1.801 font definitions for OML/ztmcm.
)
LaTeX Font Info:    Try loading font information for OMS+ztmcm on input line 34
.

(C:\Users\LuizFernando\Downloads\ProTeXt\MiKTeX\miktex\tex\latex\psnfss\omsztmc
m.fd
File: omsztmcm.fd 2000/01/03 Fontinst v1.801 font definitions for OMS/ztmcm.
)
LaTeX Font Info:    Try loading font information for OMX+ztmcm on input line 34
.

(C:\Users\LuizFernando\Downloads\ProTeXt\MiKTeX\miktex\tex\latex\psnfss\omxztmc
m.fd
File: omxztmcm.fd 2000/01/03 Fontinst v1.801 font definitions for OMX/ztmcm.
)
LaTeX Font Info:    Font shape `OT1/ptm/bx/n' in size <12> not available
(Font)              Font shape `OT1/ptm/b/n' tried instead on input line 34.
LaTeX Font Info:    Font shape `OT1/ptm/bx/n' in size <9> not available
(Font)              Font shape `OT1/ptm/b/n' tried instead on input line 34.
LaTeX Font Info:    Font shape `OT1/ptm/bx/n' in size <7> not available
(Font)              Font shape `OT1/ptm/b/n' tried instead on input line 34.
 <figura1.jpg, id=1, 193.9245pt x 145.7445pt>
File: figura1.jpg Graphic file (type jpg)
 <use figura1.jpg>
Package pdftex.def Info: figura1.jpg used on input line 104.
(pdftex.def)             Requested size: 170.7162pt x 170.72719pt.
LaTeX Font Info:    Try loading font information for OT1+phv on input line 105.


(C:\Users\LuizFernando\Downloads\ProTeXt\MiKTeX\miktex\tex\latex\psnfss\ot1phv.
fd
File: ot1phv.fd 2001/06/04 scalable font definitions for OT1/phv.
)
LaTeX Font Info:    Font shape `OT1/phv/bx/n' in size <10> not available
(Font)              Font shape `OT1/phv/b/n' tried instead on input line 105.
 <figura2.jpg, id=2, 219.82124pt x 171.039pt>
File: figura2.jpg Graphic file (type jpg)
 <use figura2.jpg>
Package pdftex.def Info: figura2.jpg used on input line 109.
(pdftex.def)             Requested size: 170.72194pt x 170.72278pt.
Missing character: There is no é in font ptmr7t!
Missing character: There is no â in font ptmr7t!
Missing character: There is no ç in font ptmr7t!
Missing character: There is no ã in font ptmr7t!

<figura3.jpg, id=3, 258.9675pt x 221.628pt>
File: figura3.jpg Graphic file (type jpg)
 <use figura3.jpg>
Package pdftex.def Info: figura3.jpg used on input line 159.
(pdftex.def)             Requested size: 170.72543pt x 170.71834pt.
 [1{C:/Users/LuizFernando/AppData/Local/MiKTeX/2.9/pdftex/config/pdftex.map}


 <./figura1.jpg> <./figura2.jpg>]
Missing character: There is no à in font ptmr7t!

Underfull \hbox (badness 10000) in paragraph at lines 185--185
 |[]\OT1/ptm/b/n/12 ASPECTOS T[]ECNICOS DO CIR-
 []

<figura4.jpg, id=12, 416.757pt x 144.54pt>
File: figura4.jpg Graphic file (type jpg)
 <use figura4.jpg>
Package pdftex.def Info: figura4.jpg used on input line 201.
(pdftex.def)             Requested size: 284.5293pt x 199.17867pt.

Overfull \hbox (63.20242pt too wide) in paragraph at lines 201--202
 [][] 
 []

LaTeX Font Info:    Font shape `OT1/ptm/bx/n' in size <11> not available
(Font)              Font shape `OT1/ptm/b/n' tried instead on input line 205.
<figura5.jpg, id=13, 423.984pt x 241.50224pt>
File: figura5.jpg Graphic file (type jpg)
 <use figura5.jpg>
Package pdftex.def Info: figura5.jpg used on input line 214.
(pdftex.def)             Requested size: 227.62816pt x 170.71603pt.

Overfull \hbox (6.30128pt too wide) in paragraph at lines 214--215
 [][] 
 []

Missing character: There is no é in font ptmr7t!
LaTeX Font Info:    Font shape `OT1/ptm/bx/n' in size <7.4> not available
(Font)              Font shape `OT1/ptm/b/n' tried instead on input line 219.
LaTeX Font Info:    Font shape `OT1/ptm/bx/n' in size <6> not available
(Font)              Font shape `OT1/ptm/b/n' tried instead on input line 219.
[2 <./figura3.jpg> <./figura4.jpg>]
Missing character: There is no ç in font ptmr7t!
Missing character: There is no ã in font ptmr7t!

<figura6.jpg, id=19, 402.90524pt x 160.1985pt>
File: figura6.jpg Graphic file (type jpg)
 <use figura6.jpg>
Package pdftex.def Info: figura6.jpg used on input line 237.
(pdftex.def)             Requested size: 227.62958pt x 142.2731pt.

Overfull \hbox (6.3027pt too wide) in paragraph at lines 237--238
 [][] 
 []

<figura7.jpg, id=20, 213.79875pt x 121.05225pt>
File: figura7.jpg Graphic file (type jpg)
 <use figura7.jpg>
Package pdftex.def Info: figura7.jpg used on input line 247.
(pdftex.def)             Requested size: 199.17004pt x 170.72246pt.

<figura8.jpg, id=21, 236.082pt x 152.9715pt>
File: figura8.jpg Graphic file (type jpg)
 <use figura8.jpg>
Package pdftex.def Info: figura8.jpg used on input line 273.
(pdftex.def)             Requested size: 227.62315pt x 170.71767pt.

Overfull \hbox (6.29628pt too wide) in paragraph at lines 273--274
 [][] 
 []

Missing character: There is no ê in font ptmr7t!
<figura9.jpg, id=22, 177.0615pt x 137.313pt>
File: figura9.jpg Graphic file (type jpg)
 <use figura9.jpg>
Package pdftex.def Info: figura9.jpg used on input line 291.
(pdftex.def)             Requested size: 170.72815pt x 170.71472pt.
 [3 <./figura5.jpg> <./figura6.jpg> <./figura7.jpg> <./figura8.jpg>]
Missing character: There is no ± in font ptmr7t!
Missing character: There is no é in font ptmr7t!
Missing character: There is no á in font ptmr7t!
Missing character: There is no ó in font ptmr7t!
Missing character: There is no é in font ptmr7t!

<figura10.png, id=29, 495.0495pt x 287.27325pt>
File: figura10.png Graphic file (type png)
 <use figura10.png>
Package pdftex.def Info: figura10.png used on input line 383.
(pdftex.def)             Requested size: 426.79935pt x 284.54605pt.

Overfull \hbox (205.47247pt too wide) in paragraph at lines 383--384
 [][] 
 []

<figura11.png, id=30, 381.22424pt x 299.31825pt>
File: figura11.png Graphic file (type png)
 <use figura11.png>
Package pdftex.def Info: figura11.png used on input line 388.
(pdftex.def)             Requested size: 426.79373pt x 284.52884pt.

Overfull \hbox (205.46686pt too wide) in paragraph at lines 388--389
 [][] 
 []

[4 <./figura9.jpg>] [5

 <./figura10.png> <./figura11.png>] (Relatorio.aux) ) 
Here is how much of TeX's memory you used:
 3165 strings out of 493698
 43323 string characters out of 3133939
 112607 words of memory out of 3000000
 6420 multiletter control sequences out of 15000+200000
 39487 words of font info for 89 fonts, out of 3000000 for 9000
 1025 hyphenation exceptions out of 8191
 30i,11n,28p,262b,258s stack positions out of 5000i,500n,10000p,200000b,50000s
{C:/Users/LuizFernando/Dow
nloads/ProTeXt/MiKTeX/miktex/fonts/enc/dvips/fontname/8r.enc}<C:/Users/LuizFern
ando/Downloads/ProTeXt/MiKTeX/miktex/fonts/type1/public/amsfonts/cm/cmmi10.pfb>
<C:/Users/LuizFernando/Downloads/ProTeXt/MiKTeX/miktex/fonts/type1/public/amsfo
nts/cm/cmr10.pfb><C:/Users/LuizFernando/Downloads/ProTeXt/MiKTeX/miktex/fonts/t
ype1/public/amsfonts/cm/cmsy10.pfb><C:/Users/LuizFernando/Downloads/ProTeXt/MiK
TeX/miktex/fonts/type1/urw/helvetic/uhvb8a.pfb><C:/Users/LuizFernando/Downloads
/ProTeXt/MiKTeX/miktex/fonts/type1/urw/symbol/usyr.pfb><C:/Users/LuizFernando/D
ownloads/ProTeXt/MiKTeX/miktex/fonts/type1/urw/symbol/usyr.pfb><C:/Users/LuizFe
rnando/Downloads/ProTeXt/MiKTeX/miktex/fonts/type1/urw/times/utmb8a.pfb><C:/Use
rs/LuizFernando/Downloads/ProTeXt/MiKTeX/miktex/fonts/type1/urw/times/utmr8a.pf
b><C:/Users/LuizFernando/Downloads/ProTeXt/MiKTeX/miktex/fonts/type1/urw/times/
utmri8a.pfb>
Output written on Relatorio.pdf (5 pages, 356238 bytes).
PDF statistics:
 66 PDF objects out of 1000 (max. 8388607)
 0 named destinations out of 1000 (max. 500000)
 56 words of extra memory for PDF output out of 10000 (max. 10000000)

