
**** 05/20/15 14:54:18 *********** Evaluation PSpice (Nov 1999) **************

 * C:\Users\Marina\Desktop\exp5.sch


 ****     CIRCUIT DESCRIPTION


******************************************************************************




* Schematics Version 9.1 - Web Update 1
* Wed May 20 14:54:14 2015



** Analysis setup **
.ac DEC 101 4.0K 400K


* From [PSPICE NETLIST] section of pspiceev.ini:
.lib "nom.lib"

.INC "exp5.net"

**** INCLUDING exp5.net ****
* Schematics Netlist *



C_C1         0 Vout  1n  
V_V1         Vin 0 DC 0V AC 1V 
R_R1         Vin Vout  3.651k  

**** RESUMING exp5.cir ****
.INC "exp5.als"



**** INCLUDING exp5.als ****
* Schematics Aliases *

.ALIASES
C_C1            C1(1=0 2=Vout )
V_V1            V1(+=Vin -=0 )
R_R1            R1(1=Vin 2=Vout )
_    _(Vout=Vout)
_    _(Vin=Vin)
.ENDALIASES


**** RESUMING exp5.cir ****
.probe


.END

**** 05/20/15 14:54:18 *********** Evaluation PSpice (Nov 1999) **************

 * C:\Users\Marina\Desktop\exp5.sch


 ****     SMALL SIGNAL BIAS SOLUTION       TEMPERATURE =   27.000 DEG C


******************************************************************************



 NODE   VOLTAGE     NODE   VOLTAGE     NODE   VOLTAGE     NODE   VOLTAGE


(  Vin)    0.0000  ( Vout)    0.0000  




    VOLTAGE SOURCE CURRENTS
    NAME         CURRENT

    V_V1         0.000E+00

    TOTAL POWER DISSIPATION   0.00E+00  WATTS



          JOB CONCLUDED

          TOTAL JOB TIME             .03
